[144902][1649901960945][shell][info]["EventBus~initialize - Success"]
[144902][1649901960972][shell][info]["bootShellCrashReporter~ Success"]
[144902][1649901960993][shell][info]["shellController~init: Success"]
[144902][1649901960994][shell][info]["shellMeta~init: Success"]
[144902][1649901960994][shell][info]["partitionMigrationService: State of V7 partition:"]
[144902][1649901960994][shell][info]["partitionMigrationService: V7 partitions",[]]
[144902][1649901960994][shell][info]["partitionMigrationService: V7 lastActiveUser",null]
[144902][1649901960994][shell][info]["partitionMigrationService: V7 activePartition",null]
[144902][1649901960995][shell][info]["partitionMigrationService: V7 isPartitionDirty",null]
[144902][1649901960995][shell][info]["partitionMigrationService~rectifyNamespaceOfScratchPadPartition: There is no partition with scratchpad namespace"]
[144902][1649901960995][shell][info]["partitionMigrationService~rectifyNamespaceOfScratchPadPartition: There is no transit partition which could have been used for scratchpad"]
[144902][1649901960996][shell][info]["partitionMigrationService~init: Success"]
[144902][1649901960996][shell][info]["partitionMigrationService~runV8PartitionsIntegrity: Two way migration~ removing the following partitions from v8",[]]
[144902][1649901960996][shell][info]["userPartitionService~_rectifyTheActivePartitionOfApplication: Setting the active partition to ",null]
[144902][1649901960997][shell][info]["userPartitionService~init: Success"]
[144902][1649901960997][shell][info]["userPartitionService: State of v8 partition system:"]
[144902][1649901960997][shell][info]["userPartitionService: List of partitions:",[]]
[144902][1649901960997][shell][info]["userPartitionService: users global meta:",{"activePartition":null}]
[144902][1649901960999][shell][info]["shell~init~getPartitionToLoad: loading scratchpad partition"]
[144902][1649901961002][shell][info]["init~setViewAttributes - Initializing view with opts:"]
[144902][1649901961003][shell][info]["Shell~init~setViewAttributes: passing scratchpad partition id as ","56be2d4a-0f19-4358-abe0-2f93c324d63a"]
[144902][1649901961003][shell][info]["Shell~init~setViewAttributes: do we have any logged in users? ",false]
[144902][1649901961004][shell][info]["init~setViewAttributes - Success"]
[144902][1649901963249][shell][info]["Shell~init~sendUsersDataToRenderer",[]]
[144902][1649901963285][shell][info]["Shell~init~sendUsersDataToRenderer",[]]
