00:00:00.001394 main     VirtualBox XPCOM Server 6.1.32 r149290 linux.amd64 (Feb 10 2022 14:02:19) release log
00:00:00.001397 main     Log opened 2022-04-14T19:16:47.833365000Z
00:00:00.001398 main     Build Type: release
00:00:00.001400 main     OS Product: Linux
00:00:00.001401 main     OS Release: 5.17.1-arch1-1
00:00:00.001402 main     OS Version: #1 SMP PREEMPT Mon, 28 Mar 2022 20:55:33 +0000
00:00:00.001433 main     DMI Product Name: 81S9
00:00:00.001442 main     DMI Product Version: Lenovo IdeaPad S145-15IWL
00:00:00.001447 main     Firmware type: UEFI
00:00:00.002468 main     Secure Boot: Disabled
00:00:00.002533 main     Host RAM: 11849MB (11.5GB) total, 5929MB (5.7GB) available
00:00:00.002538 main     Executable: /usr/lib/virtualbox/VBoxSVC
00:00:00.002538 main     Process ID: 16811
00:00:00.002539 main     Package type: LINUX_64BITS_GENERIC (OSE)
00:00:00.005239 main     IPC socket path: /tmp/.vbox-vinimo-ipc/ipcd
00:00:00.115969 nspr-2   VirtualBox: object creation starts
00:00:00.116315 nspr-2   Home directory: '/home/vinimo/.config/VirtualBox'
00:00:00.116967 nspr-2   Loading settings file "/home/vinimo/.config/VirtualBox/VirtualBox.xml" with version "1.12-linux"
00:00:00.145367 nspr-2   NetIfAdpCtlOut: VBoxNetAdpCtl: Error while retrieving link speed for wlp2s0: VBoxNetAdpCtl: ioctl failed: Operation not supported
00:00:00.147275 nspr-2   HostDnsMonitor: initializing
00:00:00.147598 nspr-2   NAT: resolv.conf: nameserver 192.168.1.1
00:00:00.147624 nspr-2   NAT: resolv.conf: FIXME: ignoring IPv6 zone %wlp2s0
00:00:00.147631 nspr-2   NAT: resolv.conf: nameserver fe80::1
00:00:00.147644 nspr-2   HostDnsMonitor: updating information
00:00:00.147677 nspr-2   HostDnsMonitor: old information
00:00:00.147682 nspr-2     no server entries
00:00:00.147686 nspr-2     no domain set
00:00:00.147688 nspr-2     no search string entries
00:00:00.147692 nspr-2   HostDnsMonitor: new information
00:00:00.147695 nspr-2     server 1: 192.168.1.1
00:00:00.147699 nspr-2     server 2: fe80::1%wlp2s0
00:00:00.147702 nspr-2     no domain set
00:00:00.147706 nspr-2     no search string entries
00:00:00.154361 nspr-2   VD: VDInit finished with VINF_SUCCESS
00:00:00.154927 nspr-2   ERROR [COM]: aRC=NS_ERROR_FAILURE (0x80004005) aIID={027bc463-929c-40e8-bf16-fea557cd8e7e} aComponent={SystemPropertiesWrap} aText={Cannot determine default Guest Additions ISO location. Most likely they are not available}, preserve=false aResultDetail=0
00:00:00.165370 nspr-2   Loading settings file "/home/vinimo/VirtualBox VMs/Ruindows 7/Ruindows 7.vbox" with version "1.17-linux"
00:00:00.166608 nspr-2   VirtualBox: object created
00:00:01.258059 nspr-2   WARNING [COM]: aRC=NS_ERROR_FAILURE (0x80004005) aIID={16ced992-5fdc-4aba-aff5-6a39bbd7c38b} aComponent={HostWrap} aText={VirtualBox is not currently allowed to access USB devices.  You can change this by adding your user to the 'vboxusers' group.  Please see the user manual for a more detailed explanation}, preserve=true  aResultDetail=0
00:00:01.639892 nspr-2   WARNING [COM]: aRC=NS_ERROR_FAILURE (0x80004005) aIID={16ced992-5fdc-4aba-aff5-6a39bbd7c38b} aComponent={HostWrap} aText={VirtualBox is not currently allowed to access USB devices.  You can change this by adding your user to the 'vboxusers' group.  Please see the user manual for a more detailed explanation}, preserve=true  aResultDetail=0
00:00:01.641333 nspr-2   WARNING [COM]: aRC=NS_ERROR_FAILURE (0x80004005) aIID={16ced992-5fdc-4aba-aff5-6a39bbd7c38b} aComponent={HostWrap} aText={VirtualBox is not currently allowed to access USB devices.  You can change this by adding your user to the 'vboxusers' group.  Please see the user manual for a more detailed explanation}, preserve=true  aResultDetail=0
00:00:03.953684 nspr-2   Launched VM: 2885687136 pid: 16863 (0x41df) frontend: GUI/Qt name: Ruindows 7
00:00:04.093048 nspr-2   WARNING [COM]: aRC=NS_ERROR_FAILURE (0x80004005) aIID={16ced992-5fdc-4aba-aff5-6a39bbd7c38b} aComponent={HostWrap} aText={VirtualBox is not currently allowed to access USB devices.  You can change this by adding your user to the 'vboxusers' group.  Please see the user manual for a more detailed explanation}, preserve=true  aResultDetail=0
00:00:04.094548 nspr-2   WARNING [COM]: aRC=NS_ERROR_FAILURE (0x80004005) aIID={16ced992-5fdc-4aba-aff5-6a39bbd7c38b} aComponent={HostWrap} aText={VirtualBox is not currently allowed to access USB devices.  You can change this by adding your user to the 'vboxusers' group.  Please see the user manual for a more detailed explanation}, preserve=true  aResultDetail=0
00:00:04.472563 nspr-6   WARNING [COM]: aRC=NS_ERROR_FAILURE (0x80004005) aIID={16ced992-5fdc-4aba-aff5-6a39bbd7c38b} aComponent={HostWrap} aText={VirtualBox is not currently allowed to access USB devices.  You can change this by adding your user to the 'vboxusers' group.  Please see the user manual for a more detailed explanation}, preserve=true  aResultDetail=0
00:00:04.476235 nspr-6   WARNING [COM]: aRC=NS_ERROR_FAILURE (0x80004005) aIID={16ced992-5fdc-4aba-aff5-6a39bbd7c38b} aComponent={HostWrap} aText={VirtualBox is not currently allowed to access USB devices.  You can change this by adding your user to the 'vboxusers' group.  Please see the user manual for a more detailed explanation}, preserve=true  aResultDetail=0
00:00:05.719334 nspr-2   WARNING [COM]: aRC=NS_ERROR_FAILURE (0x80004005) aIID={16ced992-5fdc-4aba-aff5-6a39bbd7c38b} aComponent={HostWrap} aText={VirtualBox is not currently allowed to access USB devices.  You can change this by adding your user to the 'vboxusers' group.  Please see the user manual for a more detailed explanation}, preserve=true  aResultDetail=0
00:00:05.720726 nspr-4   WARNING [COM]: aRC=NS_ERROR_FAILURE (0x80004005) aIID={16ced992-5fdc-4aba-aff5-6a39bbd7c38b} aComponent={HostWrap} aText={VirtualBox is not currently allowed to access USB devices.  You can change this by adding your user to the 'vboxusers' group.  Please see the user manual for a more detailed explanation}, preserve=true  aResultDetail=0
00:00:05.721299 nspr-2   ERROR [COM]: aRC=VBOX_E_OBJECT_NOT_FOUND (0x80bb0001) aIID={70401eef-c8e9-466b-9660-45cb3e9979e4} aComponent={ExtPackManagerWrap} aText={No extension pack by the name 'Oracle VM VirtualBox Extension Pack' was found}, preserve=false aResultDetail=0
00:00:05.773595 nspr-4   ERROR [COM]: aRC=VBOX_E_IPRT_ERROR (0x80bb0005) aIID={85632c68-b5bb-4316-a900-5eb28d3413df} aComponent={SessionMachine} aText={Saved screenshot data is not available (VERR_NOT_SUPPORTED)}, preserve=false aResultDetail=-37
00:00:05.796639 nspr-4   NetIfAdpCtlOut: VBoxNetAdpCtl: Error while retrieving link speed for wlp2s0: VBoxNetAdpCtl: ioctl failed: Operation not supported
00:00:05.842233 nspr-6   WARNING [COM]: aRC=NS_ERROR_FAILURE (0x80004005) aIID={16ced992-5fdc-4aba-aff5-6a39bbd7c38b} aComponent={HostWrap} aText={VirtualBox is not currently allowed to access USB devices.  You can change this by adding your user to the 'vboxusers' group.  Please see the user manual for a more detailed explanation}, preserve=true  aResultDetail=0
00:00:05.965708 nspr-5   WARNING [COM]: aRC=NS_ERROR_FAILURE (0x80004005) aIID={16ced992-5fdc-4aba-aff5-6a39bbd7c38b} aComponent={HostWrap} aText={VirtualBox is not currently allowed to access USB devices.  You can change this by adding your user to the 'vboxusers' group.  Please see the user manual for a more detailed explanation}, preserve=true  aResultDetail=0
00:00:05.967674 nspr-5   WARNING [COM]: aRC=NS_ERROR_FAILURE (0x80004005) aIID={16ced992-5fdc-4aba-aff5-6a39bbd7c38b} aComponent={HostWrap} aText={VirtualBox is not currently allowed to access USB devices.  You can change this by adding your user to the 'vboxusers' group.  Please see the user manual for a more detailed explanation}, preserve=true  aResultDetail=0
00:00:06.830061 nspr-7   WARNING [COM]: aRC=NS_ERROR_FAILURE (0x80004005) aIID={16ced992-5fdc-4aba-aff5-6a39bbd7c38b} aComponent={HostWrap} aText={VirtualBox is not currently allowed to access USB devices.  You can change this by adding your user to the 'vboxusers' group.  Please see the user manual for a more detailed explanation}, preserve=true  aResultDetail=0
00:00:06.834573 nspr-7   WARNING [COM]: aRC=NS_ERROR_FAILURE (0x80004005) aIID={16ced992-5fdc-4aba-aff5-6a39bbd7c38b} aComponent={HostWrap} aText={VirtualBox is not currently allowed to access USB devices.  You can change this by adding your user to the 'vboxusers' group.  Please see the user manual for a more detailed explanation}, preserve=true  aResultDetail=0
00:00:08.689621 nspr-5   Saving settings file "/home/vinimo/.config/VirtualBox/VirtualBox.xml" with version "1.12-linux"
00:00:08.713868 nspr-4   Saving settings file "/home/vinimo/.config/VirtualBox/VirtualBox.xml" with version "1.12-linux"
00:00:11.718663 nspr-7   Saving settings file "/home/vinimo/.config/VirtualBox/VirtualBox.xml" with version "1.12-linux"
00:20:35.076957 dns-monitor NAT: resolv.conf: nameserver 192.168.1.1
00:20:35.077027 dns-monitor HostDnsMonitor: updating information
00:20:35.077083 dns-monitor HostDnsMonitor: old information
00:20:35.077094 dns-monitor   server 1: 192.168.1.1
00:20:35.077103 dns-monitor   server 2: fe80::1%wlp2s0
00:20:35.077107 dns-monitor   no domain set
00:20:35.077111 dns-monitor   no search string entries
00:20:35.077115 dns-monitor HostDnsMonitor: new information
00:20:35.077118 dns-monitor   server 1: 192.168.1.1
00:20:35.077122 dns-monitor   no domain set
00:20:35.077125 dns-monitor   no search string entries
00:22:29.919994 dns-monitor NAT: resolv.conf: nameserver 192.168.1.1
00:22:29.920075 dns-monitor HostDnsMonitor: updating information
00:22:29.920088 dns-monitor HostDnsMonitor: unchanged
00:49:54.807104 nspr-3   Saving settings file "/home/vinimo/VirtualBox VMs/Ruindows 7/Ruindows 7.vbox" with version "1.17-linux"
00:50:00.728386 main     VirtualBox: object deletion starts
00:50:00.728479 main     ERROR [COM]: aRC=VBOX_E_OBJECT_IN_USE (0x80bb000c) aIID={ad47ad09-787b-44ab-b343-a082a3f2dfb1} aComponent={MediumWrap} aText={Medium '/home/vinimo/VirtualBox VMs/Ruindows 7/Ruindows 7.vdi' cannot be closed because it is still attached to 1 virtual machines}, preserve=false aResultDetail=0
00:50:00.729387 main     HostDnsMonitor: shutting down ...
00:50:00.729811 main     HostDnsMonitor: shut down
00:50:00.817313 Watcher  ERROR [COM]: aRC=E_ACCESSDENIED (0x80070005) aIID={d0a0163f-e254-4e5b-a1f2-011cf991c38d} aComponent={VirtualBoxWrap} aText={The object is not ready}, preserve=false aResultDetail=0
00:50:05.730015 main     {00007f0bb0016d70} HostPowerServiceLinux::~HostPowerServiceLinux: RTThreadWait() for 5000 ms failed with VERR_TIMEOUT
00:50:05.730502 main     VirtualBox: object deleted
